Started GET "/" for 127.0.0.1 at 2024-10-23 17:32:47 -0300
  [1m[35m (1.1ms)[0m  [1m[35mCREATE TABLE "schema_migrations" ("version" varchar NOT NULL PRIMARY KEY)[0m
  [1m[35m (0.1ms)[0m  [1m[35mCREATE TABLE "ar_internal_metadata" ("key" varchar NOT NULL PRIMARY KEY, "value" varchar, "created_at" datetime(6) NOT NULL, "updated_at" datetime(6) NOT NULL)[0m
  [1m[36mActiveRecord::SchemaMigration Load (0.1ms)[0m  [1m[34mSELECT "schema_migrations"."version" FROM "schema_migrations" ORDER BY "schema_migrations"."version" ASC[0m
Processing by Rails::WelcomeController#index as HTML
  Rendering /home/vitoria/.asdf/installs/ruby/3.3.5/lib/ruby/gems/3.3.0/gems/railties-7.2.1.1/lib/rails/templates/rails/welcome/index.html.erb
  Rendered /home/vitoria/.asdf/installs/ruby/3.3.5/lib/ruby/gems/3.3.0/gems/railties-7.2.1.1/lib/rails/templates/rails/welcome/index.html.erb (Duration: 0.5ms | GC: 0.0ms)
Completed 200 OK in 14ms (Views: 4.2ms | ActiveRecord: 0.0ms (0 queries, 0 cached) | GC: 0.0ms)


  [1m[36mActiveRecord::InternalMetadata Load (0.1ms)[0m  [1m[34mSELECT * FROM "ar_internal_metadata" WHERE "ar_internal_metadata"."key" = ? ORDER BY "ar_internal_metadata"."key" ASC LIMIT 1[0m  [[nil, "environment"]]
  [1m[36mActiveRecord::InternalMetadata Create (1.6ms)[0m  [1m[32mINSERT INTO "ar_internal_metadata" ("key", "value", "created_at", "updated_at") VALUES ('environment', 'development', '2024-10-23 21:28:39.237085', '2024-10-23 21:28:39.237087') RETURNING "key"[0m
  [1m[36mActiveRecord::SchemaMigration Load (0.2ms)[0m  [1m[34mSELECT "schema_migrations"."version" FROM "schema_migrations" ORDER BY "schema_migrations"."version" ASC[0m
Migrating to CreateFeedPosts (20241023212617)
  [1m[36mTRANSACTION (0.1ms)[0m  [1m[36mbegin transaction[0m
  [1m[35m (14.7ms)[0m  [1m[35mCREATE TABLE "feed_posts" ("id" integer PRIMARY KEY AUTOINCREMENT NOT NULL, "title" varchar, "body" text, "created_at" datetime(6) NOT NULL, "updated_at" datetime(6) NOT NULL)[0m
  [1m[36mActiveRecord::SchemaMigration Create (0.1ms)[0m  [1m[32mINSERT INTO "schema_migrations" ("version") VALUES ('20241023212617') RETURNING "version"[0m
  [1m[36mTRANSACTION (0.1ms)[0m  [1m[36mcommit transaction[0m
  [1m[36mActiveRecord::SchemaMigration Load (0.0ms)[0m  [1m[34mSELECT "schema_migrations"."version" FROM "schema_migrations" ORDER BY "schema_migrations"."version" ASC[0m
  [1m[36mFeedPost Load (0.1ms)[0m  [1m[34mSELECT "feed_posts".* FROM "feed_posts" /* loading for pp */ LIMIT ?[0m  [["LIMIT", 11]]
  [1m[36mTRANSACTION (0.1ms)[0m  [1m[36mbegin transaction[0m
  [1m[36mFeedPost Create (1.1ms)[0m  [1m[32mINSERT INTO "feed_posts" ("title", "body", "created_at", "updated_at") VALUES (?, ?, ?, ?) RETURNING "id"[0m  [["title", "Hello x-clone!! yay"], ["body", "I love to refactor!!"], ["created_at", "2024-10-23 21:32:17.597360"], ["updated_at", "2024-10-23 21:32:17.597360"]]
  [1m[36mTRANSACTION (2.5ms)[0m  [1m[36mcommit transaction[0m
  [1m[36mFeedPost Load (0.1ms)[0m  [1m[34mSELECT "feed_posts".* FROM "feed_posts" /* loading for pp */ LIMIT ?[0m  [["LIMIT", 11]]
Started GET "/" for 127.0.0.1 at 2024-10-23 18:54:20 -0300
  [1m[36mActiveRecord::SchemaMigration Load (0.1ms)[0m  [1m[34mSELECT "schema_migrations"."version" FROM "schema_migrations" ORDER BY "schema_migrations"."version" ASC[0m
Processing by FeedController#index as HTML
  Rendering layout layouts/application.html.erb
  Rendering feed/index.html.erb within layouts/application
  [1m[36mFeedPost Load (0.8ms)[0m  [1m[34mSELECT "feed_posts".* FROM "feed_posts"[0m
  ↳ app/views/feed/index.html.erb:2
  Rendered feed/index.html.erb within layouts/application (Duration: 6.6ms | GC: 0.2ms)
  Rendered layout layouts/application.html.erb (Duration: 233.2ms | GC: 53.7ms)
Completed 200 OK in 255ms (Views: 233.7ms | ActiveRecord: 1.1ms (1 query, 0 cached) | GC: 63.5ms)


Started GET "/manifest.json" for 127.0.0.1 at 2024-10-23 18:54:21 -0300
Processing by Rails::PwaController#manifest as JSON
  Rendering pwa/manifest.json.erb
  Rendered pwa/manifest.json.erb (Duration: 0.2ms | GC: 0.0ms)
Completed 200 OK in 1ms (Views: 1.0ms | ActiveRecord: 0.0ms (0 queries, 0 cached) | GC: 0.0ms)


Started GET "/" for 127.0.0.1 at 2024-10-23 18:55:22 -0300
Processing by FeedController#index as HTML
  Rendering layout layouts/application.html.erb
  Rendering feed/index.html.erb within layouts/application
  [1m[36mFeedPost Load (0.1ms)[0m  [1m[34mSELECT "feed_posts".* FROM "feed_posts"[0m
  ↳ app/views/feed/index.html.erb:2
  Rendered feed/index.html.erb within layouts/application (Duration: 1.2ms | GC: 0.0ms)
  Rendered layout layouts/application.html.erb (Duration: 5.5ms | GC: 0.3ms)
Completed 200 OK in 6ms (Views: 5.7ms | ActiveRecord: 0.0ms (1 query, 0 cached) | GC: 0.3ms)


Started GET "/manifest.json" for 127.0.0.1 at 2024-10-23 18:55:22 -0300
Processing by Rails::PwaController#manifest as JSON
  Rendering pwa/manifest.json.erb
  Rendered pwa/manifest.json.erb (Duration: 0.1ms | GC: 0.0ms)
Completed 200 OK in 1ms (Views: 0.3ms | ActiveRecord: 0.0ms (0 queries, 0 cached) | GC: 0.0ms)


Started GET "/" for 127.0.0.1 at 2024-10-23 18:55:35 -0300
  [1m[36mActiveRecord::SchemaMigration Load (0.1ms)[0m  [1m[34mSELECT "schema_migrations"."version" FROM "schema_migrations" ORDER BY "schema_migrations"."version" ASC[0m
Processing by FeedController#index as HTML
  Rendering layout layouts/application.html.erb
  Rendering feed/index.html.erb within layouts/application
  [1m[36mFeedPost Load (0.5ms)[0m  [1m[34mSELECT "feed_posts".* FROM "feed_posts"[0m
  ↳ app/views/feed/index.html.erb:2
  Rendered feed/index.html.erb within layouts/application (Duration: 6.4ms | GC: 0.2ms)
  Rendered layout layouts/application.html.erb (Duration: 55.3ms | GC: 0.2ms)
Completed 200 OK in 81ms (Views: 56.6ms | ActiveRecord: 0.7ms (1 query, 0 cached) | GC: 13.3ms)


Started GET "/manifest.json" for 127.0.0.1 at 2024-10-23 18:55:35 -0300
Processing by Rails::PwaController#manifest as JSON
  Rendering pwa/manifest.json.erb
  Rendered pwa/manifest.json.erb (Duration: 0.2ms | GC: 0.0ms)
Completed 200 OK in 1ms (Views: 0.9ms | ActiveRecord: 0.0ms (0 queries, 0 cached) | GC: 0.0ms)


Started GET "/" for 127.0.0.1 at 2024-10-23 19:12:41 -0300
Processing by FeedController#index as HTML
  Rendering layout layouts/application.html.erb
  Rendering feed/index.html.erb within layouts/application
  [1m[36mFeedPost Load (0.4ms)[0m  [1m[34mSELECT "feed_posts".* FROM "feed_posts"[0m
  ↳ app/views/feed/index.html.erb:2
  Rendered feed/index.html.erb within layouts/application (Duration: 3.8ms | GC: 0.1ms)
  Rendered layout layouts/application.html.erb (Duration: 14.6ms | GC: 0.4ms)
Completed 200 OK in 16ms (Views: 14.8ms | ActiveRecord: 0.4ms (1 query, 0 cached) | GC: 0.4ms)


Started GET "/manifest.json" for 127.0.0.1 at 2024-10-23 19:12:42 -0300
Processing by Rails::PwaController#manifest as JSON
  Rendering pwa/manifest.json.erb
  Rendered pwa/manifest.json.erb (Duration: 0.2ms | GC: 0.0ms)
Completed 200 OK in 1ms (Views: 0.9ms | ActiveRecord: 0.0ms (0 queries, 0 cached) | GC: 0.0ms)


Started GET "/" for 127.0.0.1 at 2024-10-23 19:13:11 -0300
Processing by FeedController#index as HTML
  Rendering layout layouts/application.html.erb
  Rendering feed/index.html.erb within layouts/application
  [1m[36mFeedPost Load (0.4ms)[0m  [1m[34mSELECT "feed_posts".* FROM "feed_posts"[0m
  ↳ app/views/feed/index.html.erb:2
  Rendered feed/index.html.erb within layouts/application (Duration: 4.4ms | GC: 0.4ms)
  Rendered layout layouts/application.html.erb (Duration: 16.3ms | GC: 1.0ms)
Completed 200 OK in 18ms (Views: 16.4ms | ActiveRecord: 0.6ms (1 query, 0 cached) | GC: 1.0ms)


Started GET "/manifest.json" for 127.0.0.1 at 2024-10-23 19:13:11 -0300
Processing by Rails::PwaController#manifest as JSON
  Rendering pwa/manifest.json.erb
  Rendered pwa/manifest.json.erb (Duration: 0.2ms | GC: 0.0ms)
Completed 200 OK in 1ms (Views: 0.8ms | ActiveRecord: 0.0ms (0 queries, 0 cached) | GC: 0.0ms)


Started GET "/" for 127.0.0.1 at 2024-10-23 19:13:52 -0300
Processing by FeedController#index as HTML
  Rendering layout layouts/application.html.erb
  Rendering feed/index.html.erb within layouts/application
  [1m[36mFeedPost Load (0.4ms)[0m  [1m[34mSELECT "feed_posts".* FROM "feed_posts"[0m
  ↳ app/views/feed/index.html.erb:2
  Rendered feed/index.html.erb within layouts/application (Duration: 3.9ms | GC: 0.0ms)
  Rendered layout layouts/application.html.erb (Duration: 22.5ms | GC: 7.1ms)
Completed 200 OK in 24ms (Views: 22.6ms | ActiveRecord: 0.6ms (1 query, 0 cached) | GC: 7.1ms)


Started GET "/manifest.json" for 127.0.0.1 at 2024-10-23 19:13:53 -0300
Processing by Rails::PwaController#manifest as JSON
  Rendering pwa/manifest.json.erb
  Rendered pwa/manifest.json.erb (Duration: 0.2ms | GC: 0.0ms)
Completed 200 OK in 1ms (Views: 0.7ms | ActiveRecord: 0.0ms (0 queries, 0 cached) | GC: 0.0ms)


Started GET "/" for 127.0.0.1 at 2024-10-23 19:14:10 -0300
Processing by FeedController#index as HTML
  Rendering layout layouts/application.html.erb
  Rendering feed/index.html.erb within layouts/application
  [1m[36mFeedPost Load (0.4ms)[0m  [1m[34mSELECT "feed_posts".* FROM "feed_posts"[0m
  ↳ app/views/feed/index.html.erb:2
  Rendered feed/index.html.erb within layouts/application (Duration: 4.4ms | GC: 0.0ms)
  Rendered layout layouts/application.html.erb (Duration: 20.0ms | GC: 4.2ms)
Completed 200 OK in 22ms (Views: 20.1ms | ActiveRecord: 0.7ms (1 query, 0 cached) | GC: 4.2ms)


Started GET "/manifest.json" for 127.0.0.1 at 2024-10-23 19:14:10 -0300
Processing by Rails::PwaController#manifest as JSON
  Rendering pwa/manifest.json.erb
  Rendered pwa/manifest.json.erb (Duration: 0.2ms | GC: 0.0ms)
Completed 200 OK in 1ms (Views: 0.9ms | ActiveRecord: 0.0ms (0 queries, 0 cached) | GC: 0.0ms)


Started GET "/" for 127.0.0.1 at 2024-10-23 19:14:19 -0300
Processing by FeedController#index as HTML
  Rendering layout layouts/application.html.erb
  Rendering feed/index.html.erb within layouts/application
  [1m[36mFeedPost Load (0.4ms)[0m  [1m[34mSELECT "feed_posts".* FROM "feed_posts"[0m
  ↳ app/views/feed/index.html.erb:2
  Rendered feed/index.html.erb within layouts/application (Duration: 4.1ms | GC: 0.0ms)
  Rendered layout layouts/application.html.erb (Duration: 18.7ms | GC: 3.0ms)
Completed 200 OK in 21ms (Views: 19.0ms | ActiveRecord: 0.7ms (1 query, 0 cached) | GC: 3.0ms)


Started GET "/manifest.json" for 127.0.0.1 at 2024-10-23 19:14:20 -0300
Processing by Rails::PwaController#manifest as JSON
  Rendering pwa/manifest.json.erb
  Rendered pwa/manifest.json.erb (Duration: 0.3ms | GC: 0.0ms)
Completed 200 OK in 1ms (Views: 0.9ms | ActiveRecord: 0.0ms (0 queries, 0 cached) | GC: 0.0ms)


Started GET "/" for 127.0.0.1 at 2024-10-23 19:14:32 -0300
  [1m[36mActiveRecord::SchemaMigration Load (0.1ms)[0m  [1m[34mSELECT "schema_migrations"."version" FROM "schema_migrations" ORDER BY "schema_migrations"."version" ASC[0m
Processing by FeedController#index as HTML
  Rendering layout layouts/application.html.erb
  Rendering feed/index.html.erb within layouts/application
  [1m[36mFeedPost Load (0.6ms)[0m  [1m[34mSELECT "feed_posts".* FROM "feed_posts"[0m
  ↳ app/views/feed/index.html.erb:2
  Rendered feed/index.html.erb within layouts/application (Duration: 6.4ms | GC: 0.3ms)
  Rendered layout layouts/application.html.erb (Duration: 60.3ms | GC: 0.3ms)
Completed 200 OK in 83ms (Views: 61.0ms | ActiveRecord: 0.9ms (1 query, 0 cached) | GC: 9.4ms)


Started GET "/manifest.json" for 127.0.0.1 at 2024-10-23 19:14:32 -0300
Processing by Rails::PwaController#manifest as JSON
  Rendering pwa/manifest.json.erb
  Rendered pwa/manifest.json.erb (Duration: 0.2ms | GC: 0.0ms)
Completed 200 OK in 1ms (Views: 0.7ms | ActiveRecord: 0.0ms (0 queries, 0 cached) | GC: 0.0ms)


Started GET "/" for 127.0.0.1 at 2024-10-23 19:23:14 -0300
  [1m[36mActiveRecord::SchemaMigration Load (0.1ms)[0m  [1m[34mSELECT "schema_migrations"."version" FROM "schema_migrations" ORDER BY "schema_migrations"."version" ASC[0m
Processing by FeedController#index as HTML
  Rendering layout layouts/application.html.erb
  Rendering feed/index.html.erb within layouts/application
  [1m[36mFeedPost Load (0.5ms)[0m  [1m[34mSELECT "feed_posts".* FROM "feed_posts"[0m
  ↳ app/views/feed/index.html.erb:2
  Rendered feed/index.html.erb within layouts/application (Duration: 6.5ms | GC: 0.1ms)
  Rendered layout layouts/application.html.erb (Duration: 13.8ms | GC: 0.1ms)
Completed 200 OK in 66ms (Views: 16.6ms | ActiveRecord: 0.7ms (1 query, 0 cached) | GC: 24.3ms)


Started GET "/manifest.json" for 127.0.0.1 at 2024-10-23 19:23:14 -0300
Processing by Rails::PwaController#manifest as JSON
  Rendering pwa/manifest.json.erb
  Rendered pwa/manifest.json.erb (Duration: 0.3ms | GC: 0.0ms)
Completed 200 OK in 1ms (Views: 1.0ms | ActiveRecord: 0.0ms (0 queries, 0 cached) | GC: 0.0ms)


Started GET "/" for 127.0.0.1 at 2024-10-23 19:24:10 -0300
Processing by FeedController#index as HTML
  Rendering layout layouts/application.html.erb
  Rendering feed/index.html.erb within layouts/application
  [1m[36mFeedPost Load (0.4ms)[0m  [1m[34mSELECT "feed_posts".* FROM "feed_posts"[0m
  ↳ app/views/feed/index.html.erb:2
  Rendered feed/index.html.erb within layouts/application (Duration: 4.0ms | GC: 0.0ms)
  Rendered layout layouts/application.html.erb (Duration: 5.8ms | GC: 0.0ms)
Completed 200 OK in 8ms (Views: 6.0ms | ActiveRecord: 0.6ms (1 query, 0 cached) | GC: 0.0ms)


Started GET "/manifest.json" for 127.0.0.1 at 2024-10-23 19:24:10 -0300
Processing by Rails::PwaController#manifest as JSON
  Rendering pwa/manifest.json.erb
  Rendered pwa/manifest.json.erb (Duration: 0.2ms | GC: 0.0ms)
Completed 200 OK in 1ms (Views: 0.8ms | ActiveRecord: 0.0ms (0 queries, 0 cached) | GC: 0.0ms)


Started GET "/" for 127.0.0.1 at 2024-10-23 19:24:32 -0300
  [1m[36mActiveRecord::SchemaMigration Load (0.1ms)[0m  [1m[34mSELECT "schema_migrations"."version" FROM "schema_migrations" ORDER BY "schema_migrations"."version" ASC[0m
Processing by FeedController#index as HTML
  Rendering layout layouts/application.html.erb
  Rendering feed/index.html.erb within layouts/application
  [1m[36mFeedPost Load (0.7ms)[0m  [1m[34mSELECT "feed_posts".* FROM "feed_posts"[0m
  ↳ app/views/feed/index.html.erb:2
  Rendered feed/index.html.erb within layouts/application (Duration: 6.6ms | GC: 0.0ms)
  Rendered layout layouts/application.html.erb (Duration: 11.4ms | GC: 0.0ms)
Completed 200 OK in 24ms (Views: 12.0ms | ActiveRecord: 1.0ms (1 query, 0 cached) | GC: 0.6ms)


Started GET "/manifest.json" for 127.0.0.1 at 2024-10-23 19:24:32 -0300
Processing by Rails::PwaController#manifest as JSON
  Rendering pwa/manifest.json.erb
  Rendered pwa/manifest.json.erb (Duration: 0.4ms | GC: 0.0ms)
Completed 200 OK in 2ms (Views: 1.3ms | ActiveRecord: 0.0ms (0 queries, 0 cached) | GC: 0.0ms)


